<?xml version="1.0" encoding="UTF-8"?>
<!-- Generated by org.testng.reporters.JUnitReportReporter -->
<testsuite hostname="Komal" failures="0" tests="4" name="TestClasses.keywords" time="0.010" errors="0" timestamp="2022-05-19T23:37:33 IST" skipped="0">
  <testcase classname="TestClasses.keywords" name="testA" time="0.005"/>
  <system-out/>
  <testcase classname="TestClasses.keywords" name="testD" time="0.003"/>
  <system-out/>
  <testcase classname="TestClasses.keywords" name="testC" time="0.001"/>
  <system-out/>
  <testcase classname="TestClasses.keywords" name="testB" time="0.001"/>
  <system-out/>
</testsuite> <!-- TestClasses.keywords -->
