<?xml version="1.0" encoding="UTF-8"?>
<!-- Generated by org.testng.reporters.JUnitReportReporter -->
<testsuite hostname="Komal" failures="0" tests="4" name="TestClasses.Testclass1" time="0.000" errors="0" timestamp="2022-05-24T22:51:19 IST" skipped="4">
  <testcase classname="TestClasses.Testclass1" name="testD" time="0.000">
    <skipped/>
  </testcase> <!-- testD -->
  <system-out/>
  <testcase classname="TestClasses.Testclass1" name="testC" time="0.000">
    <skipped/>
  </testcase> <!-- testC -->
  <system-out/>
  <testcase classname="TestClasses.Testclass1" name="testC" time="0.000">
    <skipped/>
  </testcase> <!-- testC -->
  <system-out/>
  <testcase classname="TestClasses.Testclass1" name="testD" time="0.000">
    <skipped/>
  </testcase> <!-- testD -->
  <system-out/>
</testsuite> <!-- TestClasses.Testclass1 -->
