<?xml version="1.0" encoding="UTF-8"?>
<!-- Generated by org.testng.reporters.JUnitReportReporter -->
<testsuite hostname="Komal" failures="0" tests="8" name="TestClasses.Prioritykeyword" time="0.000" errors="0" timestamp="2022-05-24T22:53:38 IST" skipped="8">
  <testcase classname="TestClasses.Prioritykeyword" name="testD" time="0.000">
    <skipped/>
  </testcase> <!-- testD -->
  <system-out/>
  <testcase classname="TestClasses.Prioritykeyword" name="testD" time="0.000">
    <skipped/>
  </testcase> <!-- testD -->
  <system-out/>
  <testcase classname="TestClasses.Prioritykeyword" name="testC" time="0.000">
    <skipped/>
  </testcase> <!-- testC -->
  <system-out/>
  <testcase classname="TestClasses.Prioritykeyword" name="testC" time="0.000">
    <skipped/>
  </testcase> <!-- testC -->
  <system-out/>
  <testcase classname="TestClasses.Prioritykeyword" name="testA" time="0.000">
    <skipped/>
  </testcase> <!-- testA -->
  <system-out/>
  <testcase classname="TestClasses.Prioritykeyword" name="testA" time="0.000">
    <skipped/>
  </testcase> <!-- testA -->
  <system-out/>
  <testcase classname="TestClasses.Prioritykeyword" name="testB" time="0.000">
    <skipped/>
  </testcase> <!-- testB -->
  <system-out/>
  <testcase classname="TestClasses.Prioritykeyword" name="testB" time="0.000">
    <skipped/>
  </testcase> <!-- testB -->
  <system-out/>
</testsuite> <!-- TestClasses.Prioritykeyword -->
