<?xml version="1.0" encoding="UTF-8"?>
<!-- Generated by org.testng.reporters.JUnitReportReporter -->
<testsuite hostname="Komal" failures="0" tests="4" name="TestClasses.Testclass" time="0.000" errors="0" timestamp="2022-05-24T22:51:19 IST" skipped="4">
  <testcase classname="TestClasses.Testclass" name="testA" time="0.000">
    <skipped/>
  </testcase> <!-- testA -->
  <system-out/>
  <testcase classname="TestClasses.Testclass" name="testB" time="0.000">
    <skipped/>
  </testcase> <!-- testB -->
  <system-out/>
  <testcase classname="TestClasses.Testclass" name="testB" time="0.000">
    <skipped/>
  </testcase> <!-- testB -->
  <system-out/>
  <testcase classname="TestClasses.Testclass" name="testA" time="0.000">
    <skipped/>
  </testcase> <!-- testA -->
  <system-out/>
</testsuite> <!-- TestClasses.Testclass -->
