<?xml version="1.0" encoding="UTF-8"?>
<!-- Generated by org.testng.reporters.JUnitReportReporter -->
<testsuite hostname="Komal" failures="0" tests="12" name="TestClasses.invocationcountkeyword" time="0.000" errors="0" timestamp="2022-05-24T22:53:38 IST" skipped="12">
  <testcase classname="TestClasses.invocationcountkeyword" name="testA" time="0.000">
    <skipped/>
  </testcase> <!-- testA -->
  <system-out/>
  <testcase classname="TestClasses.invocationcountkeyword" name="testA" time="0.000">
    <skipped/>
  </testcase> <!-- testA -->
  <system-out/>
  <testcase classname="TestClasses.invocationcountkeyword" name="testC" time="0.000">
    <skipped/>
  </testcase> <!-- testC -->
  <system-out/>
  <testcase classname="TestClasses.invocationcountkeyword" name="testD" time="0.000">
    <skipped/>
  </testcase> <!-- testD -->
  <system-out/>
  <testcase classname="TestClasses.invocationcountkeyword" name="testC" time="0.000">
    <skipped/>
  </testcase> <!-- testC -->
  <system-out/>
  <testcase classname="TestClasses.invocationcountkeyword" name="testD" time="0.000">
    <skipped/>
  </testcase> <!-- testD -->
  <system-out/>
  <testcase classname="TestClasses.invocationcountkeyword" name="testB" time="0.000">
    <skipped/>
  </testcase> <!-- testB -->
  <system-out/>
  <testcase classname="TestClasses.invocationcountkeyword" name="testB" time="0.000">
    <skipped/>
  </testcase> <!-- testB -->
  <system-out/>
  <testcase classname="TestClasses.invocationcountkeyword" name="testB" time="0.000">
    <skipped/>
  </testcase> <!-- testB -->
  <system-out/>
  <testcase classname="TestClasses.invocationcountkeyword" name="testB" time="0.000">
    <skipped/>
  </testcase> <!-- testB -->
  <system-out/>
  <testcase classname="TestClasses.invocationcountkeyword" name="testB" time="0.000">
    <skipped/>
  </testcase> <!-- testB -->
  <system-out/>
  <testcase classname="TestClasses.invocationcountkeyword" name="testB" time="0.000">
    <skipped/>
  </testcase> <!-- testB -->
  <system-out/>
</testsuite> <!-- TestClasses.invocationcountkeyword -->
