<?xml version="1.0" encoding="UTF-8"?>
<!-- Generated by org.testng.reporters.JUnitReportReporter -->
<testsuite hostname="Komal" failures="0" tests="4" name="TestClasses.Testcls1" time="104.607" errors="0" timestamp="2022-05-26T17:11:14 IST" skipped="0">
  <testcase classname="TestClasses.Testcls1" name="verifyReportsTab" time="44.314"/>
  <system-out/>
  <testcase classname="TestClasses.Testcls1" name="verifyTaskTab" time="8.897"/>
  <system-out/>
  <testcase classname="TestClasses.Testcls1" name="verifyReportsTab" time="24.875"/>
  <system-out/>
  <testcase classname="TestClasses.Testcls1" name="verifyTaskTab" time="26.521"/>
  <system-out/>
</testsuite> <!-- TestClasses.Testcls1 -->
